TN:
SF:src\config.ts
FNF:0
FNH:0
DA:1,0
LF:1
LH:0
BRDA:1,0,0,0
BRDA:1,0,1,0
BRF:2
BRH:0
end_of_record
TN:
SF:src\controllers\authController.ts
FN:9,(anonymous_8)
FN:9,(anonymous_9)
FN:46,(anonymous_10)
FN:46,(anonymous_11)
FN:80,(anonymous_12)
FN:80,(anonymous_13)
FN:104,(anonymous_14)
FN:104,(anonymous_15)
FNF:8
FNH:4
FNDA:3,(anonymous_8)
FNDA:3,(anonymous_9)
FNDA:4,(anonymous_10)
FNDA:4,(anonymous_11)
FNDA:0,(anonymous_12)
FNDA:0,(anonymous_13)
FNDA:0,(anonymous_14)
FNDA:0,(anonymous_15)
DA:2,1
DA:3,1
DA:4,1
DA:9,3
DA:10,3
DA:11,3
DA:14,3
DA:15,2
DA:16,1
DA:20,1
DA:26,1
DA:27,1
DA:28,1
DA:30,1
DA:39,1
DA:46,4
DA:47,4
DA:48,4
DA:51,4
DA:52,3
DA:53,1
DA:57,2
DA:58,2
DA:59,1
DA:62,1
DA:63,1
DA:65,1
DA:73,1
DA:80,1
DA:81,0
DA:82,0
DA:84,0
DA:85,0
DA:88,0
DA:90,0
DA:91,0
DA:94,0
DA:96,0
DA:97,0
DA:104,1
DA:105,0
DA:106,0
DA:108,0
DA:109,0
DA:112,0
DA:113,0
DA:115,0
DA:117,0
LF:48
LH:30
BRDA:15,0,0,1
BRDA:26,1,0,1
BRDA:52,2,0,1
BRDA:58,3,0,1
BRDA:82,4,0,0
BRDA:82,4,1,0
BRDA:82,5,0,0
BRDA:82,5,1,0
BRDA:82,6,0,0
BRDA:82,6,1,0
BRDA:82,7,0,0
BRDA:82,7,1,0
BRDA:82,8,0,0
BRDA:82,8,1,0
BRDA:84,9,0,0
BRDA:90,10,0,0
BRDA:108,11,0,0
BRF:17
BRH:4
end_of_record
TN:
SF:src\controllers\commentController.ts
FN:5,(anonymous_8)
FN:5,(anonymous_9)
FN:37,(anonymous_10)
FN:37,(anonymous_11)
FN:52,(anonymous_12)
FN:52,(anonymous_13)
FNF:6
FNH:6
FNDA:3,(anonymous_8)
FNDA:3,(anonymous_9)
FNDA:2,(anonymous_10)
FNDA:2,(anonymous_11)
FNDA:3,(anonymous_12)
FNDA:3,(anonymous_13)
DA:2,1
DA:5,3
DA:6,3
DA:7,3
DA:8,3
DA:9,3
DA:11,3
DA:12,0
DA:15,3
DA:16,1
DA:19,2
DA:25,1
DA:27,0
DA:30,0
DA:32,2
DA:33,2
DA:37,2
DA:38,2
DA:39,2
DA:41,2
DA:45,0
DA:47,2
DA:48,2
DA:52,3
DA:53,3
DA:54,3
DA:55,3
DA:57,3
DA:58,0
DA:61,3
DA:63,3
DA:64,1
DA:68,2
DA:69,1
DA:72,1
DA:74,1
DA:76,0
DA:77,0
LF:38
LH:31
BRDA:9,0,0,3
BRDA:9,0,1,0
BRDA:9,1,0,0
BRDA:9,1,1,3
BRDA:9,2,0,3
BRDA:9,2,1,3
BRDA:9,3,0,0
BRDA:9,3,1,0
BRDA:9,4,0,0
BRDA:9,4,1,0
BRDA:11,5,0,0
BRDA:15,6,0,1
BRDA:55,7,0,0
BRDA:55,7,1,3
BRDA:55,8,0,3
BRDA:55,8,1,3
BRDA:57,9,0,0
BRDA:63,10,0,1
BRDA:68,11,0,1
BRF:19
BRH:10
end_of_record
TN:
SF:src\controllers\postController.ts
FN:15,(anonymous_8)
FN:15,(anonymous_9)
FN:22,(anonymous_10)
FN:41,(anonymous_11)
FN:41,(anonymous_12)
FN:48,(anonymous_13)
FN:67,(anonymous_14)
FN:67,(anonymous_15)
FN:83,(anonymous_16)
FN:88,(anonymous_17)
FN:91,(anonymous_18)
FN:132,(anonymous_19)
FN:132,(anonymous_20)
FN:151,(anonymous_21)
FN:177,(anonymous_22)
FN:177,(anonymous_23)
FN:231,(anonymous_24)
FN:284,(anonymous_25)
FN:284,(anonymous_26)
FN:294,(anonymous_27)
FN:305,(anonymous_28)
FN:305,(anonymous_29)
FN:355,(anonymous_30)
FN:355,(anonymous_31)
FN:386,(anonymous_32)
FN:386,(anonymous_33)
FN:417,(anonymous_34)
FN:417,(anonymous_35)
FN:449,(anonymous_36)
FN:449,(anonymous_37)
FN:522,(anonymous_38)
FNF:31
FNH:9
FNDA:1,(anonymous_8)
FNDA:1,(anonymous_9)
FNDA:2,(anonymous_10)
FNDA:0,(anonymous_11)
FNDA:0,(anonymous_12)
FNDA:0,(anonymous_13)
FNDA:2,(anonymous_14)
FNDA:2,(anonymous_15)
FNDA:2,(anonymous_16)
FNDA:2,(anonymous_17)
FNDA:0,(anonymous_18)
FNDA:0,(anonymous_19)
FNDA:0,(anonymous_20)
FNDA:0,(anonymous_21)
FNDA:0,(anonymous_22)
FNDA:0,(anonymous_23)
FNDA:0,(anonymous_24)
FNDA:0,(anonymous_25)
FNDA:0,(anonymous_26)
FNDA:0,(anonymous_27)
FNDA:0,(anonymous_28)
FNDA:0,(anonymous_29)
FNDA:0,(anonymous_30)
FNDA:0,(anonymous_31)
FNDA:2,(anonymous_32)
FNDA:2,(anonymous_33)
FNDA:0,(anonymous_34)
FNDA:0,(anonymous_35)
FNDA:0,(anonymous_36)
FNDA:0,(anonymous_37)
FNDA:0,(anonymous_38)
DA:2,1
DA:4,1
DA:5,1
DA:15,1
DA:16,1
DA:17,1
DA:22,1
DA:23,2
DA:25,2
DA:26,2
DA:28,2
DA:31,1
DA:33,0
DA:34,0
DA:41,1
DA:42,0
DA:43,0
DA:48,0
DA:49,0
DA:51,0
DA:52,0
DA:54,0
DA:57,0
DA:59,0
DA:60,0
DA:67,2
DA:68,2
DA:69,2
DA:70,2
DA:72,2
DA:73,0
DA:76,2
DA:77,2
DA:78,2
DA:81,2
DA:82,2
DA:83,1
DA:85,2
DA:88,2
DA:89,1
DA:91,0
DA:94,2
DA:97,2
DA:99,2
DA:100,0
DA:101,2
DA:102,0
DA:104,2
DA:107,2
DA:116,1
DA:119,1
DA:120,1
DA:122,1
DA:124,1
DA:125,1
DA:132,1
DA:133,0
DA:134,0
DA:136,0
DA:137,0
DA:140,0
DA:142,0
DA:143,0
DA:147,0
DA:150,0
DA:151,0
DA:154,0
DA:156,0
DA:159,0
DA:162,0
DA:165,0
DA:166,0
DA:167,0
DA:170,0
DA:172,0
DA:173,0
DA:177,1
DA:178,0
DA:179,0
DA:180,0
DA:181,0
DA:183,0
DA:185,0
DA:186,0
DA:188,0
DA:189,0
DA:190,0
DA:194,0
DA:195,0
DA:198,0
DA:199,0
DA:202,0
DA:206,0
DA:207,0
DA:217,0
DA:218,0
DA:219,0
DA:221,0
DA:222,0
DA:223,0
DA:224,0
DA:225,0
DA:226,0
DA:230,0
DA:231,0
DA:232,0
DA:235,0
DA:238,0
DA:239,0
DA:240,0
DA:244,0
DA:246,0
DA:249,0
DA:252,0
DA:254,0
DA:255,0
DA:260,0
DA:261,0
DA:264,0
DA:265,0
DA:268,0
DA:271,0
DA:272,0
DA:273,0
DA:276,0
DA:277,0
DA:279,0
DA:280,0
DA:284,1
DA:285,0
DA:286,0
DA:294,0
DA:295,0
DA:297,0
DA:298,0
DA:305,1
DA:306,0
DA:307,0
DA:308,0
DA:309,0
DA:311,0
DA:312,0
DA:315,0
DA:316,0
DA:317,0
DA:320,0
DA:321,0
DA:324,0
DA:325,0
DA:326,0
DA:327,0
DA:329,0
DA:335,0
DA:336,0
DA:340,0
DA:341,0
DA:342,0
DA:345,0
DA:347,0
DA:348,0
DA:355,1
DA:356,0
DA:357,0
DA:358,0
DA:360,0
DA:361,0
DA:364,0
DA:365,0
DA:366,0
DA:369,0
DA:370,0
DA:373,0
DA:374,0
DA:376,0
DA:377,0
DA:386,2
DA:387,2
DA:388,2
DA:398,2
DA:399,1
DA:402,1
DA:404,0
DA:405,0
DA:417,1
DA:418,0
DA:419,0
DA:421,0
DA:422,0
DA:426,0
DA:427,0
DA:431,0
DA:432,0
DA:433,0
DA:436,0
DA:438,0
DA:443,0
DA:444,0
DA:449,1
DA:450,0
DA:451,0
DA:452,0
DA:455,0
DA:456,0
DA:459,0
DA:461,0
DA:462,0
DA:465,0
DA:466,0
DA:467,0
DA:468,0
DA:476,0
DA:478,0
DA:479,0
DA:489,0
DA:492,0
DA:493,0
DA:497,0
DA:498,0
DA:500,0
DA:501,0
DA:502,0
DA:503,0
DA:504,0
DA:505,0
DA:506,0
DA:509,0
DA:510,0
DA:512,0
DA:517,0
DA:523,0
DA:524,0
DA:525,0
DA:527,0
DA:529,0
DA:534,0
DA:535,0
LF:236
LH:52
BRDA:25,0,0,2
BRDA:25,1,0,2
BRDA:25,1,1,2
BRDA:51,2,0,0
BRDA:51,3,0,0
BRDA:51,3,1,0
BRDA:70,4,0,2
BRDA:70,4,1,2
BRDA:70,5,0,0
BRDA:70,5,1,2
BRDA:70,6,0,2
BRDA:70,6,1,2
BRDA:70,7,0,0
BRDA:70,7,1,2
BRDA:70,8,0,2
BRDA:70,8,1,2
BRDA:72,9,0,0
BRDA:82,10,0,1
BRDA:82,10,1,1
BRDA:85,11,0,2
BRDA:85,11,1,0
BRDA:86,12,0,0
BRDA:86,12,1,2
BRDA:89,13,0,0
BRDA:91,14,0,0
BRDA:91,14,1,0
BRDA:99,15,0,0
BRDA:99,15,1,2
BRDA:101,16,0,0
BRDA:101,16,1,2
BRDA:101,17,0,2
BRDA:101,17,1,0
BRDA:101,17,2,0
BRDA:136,18,0,0
BRDA:140,19,0,0
BRDA:140,19,1,0
BRDA:140,20,0,0
BRDA:140,20,1,0
BRDA:140,21,0,0
BRDA:140,21,1,0
BRDA:140,22,0,0
BRDA:140,22,1,0
BRDA:140,23,0,0
BRDA:140,23,1,0
BRDA:142,24,0,0
BRDA:154,25,0,0
BRDA:154,25,1,0
BRDA:166,26,0,0
BRDA:166,27,0,0
BRDA:166,27,1,0
BRDA:188,28,0,0
BRDA:221,29,0,0
BRDA:238,30,0,0
BRDA:244,31,0,0
BRDA:244,31,1,0
BRDA:244,32,0,0
BRDA:244,32,1,0
BRDA:252,33,0,0
BRDA:252,34,0,0
BRDA:252,34,1,0
BRDA:254,35,0,0
BRDA:272,36,0,0
BRDA:309,37,0,0
BRDA:309,37,1,0
BRDA:309,38,0,0
BRDA:309,38,1,0
BRDA:309,39,0,0
BRDA:309,39,1,0
BRDA:309,40,0,0
BRDA:309,40,1,0
BRDA:309,41,0,0
BRDA:309,41,1,0
BRDA:311,42,0,0
BRDA:316,43,0,0
BRDA:320,44,0,0
BRDA:325,45,0,0
BRDA:326,46,0,0
BRDA:327,47,0,0
BRDA:335,48,0,0
BRDA:341,49,0,0
BRDA:341,50,0,0
BRDA:341,50,1,0
BRDA:358,51,0,0
BRDA:358,51,1,0
BRDA:358,52,0,0
BRDA:358,52,1,0
BRDA:358,53,0,0
BRDA:358,53,1,0
BRDA:358,54,0,0
BRDA:358,54,1,0
BRDA:358,55,0,0
BRDA:358,55,1,0
BRDA:360,56,0,0
BRDA:365,57,0,0
BRDA:369,58,0,0
BRDA:398,59,0,1
BRDA:407,60,0,0
BRDA:407,60,1,0
BRDA:421,61,0,0
BRDA:426,62,0,0
BRDA:426,63,0,0
BRDA:426,63,1,0
BRDA:431,64,0,0
BRDA:444,65,0,0
BRDA:444,65,1,0
BRDA:461,66,0,0
BRDA:466,67,0,0
BRDA:500,68,0,0
BRDA:509,69,0,0
BRDA:509,69,1,0
BRDA:509,70,0,0
BRDA:509,70,1,0
BRDA:519,71,0,0
BRDA:519,71,1,0
BRDA:524,72,0,0
BRDA:524,72,1,0
BRDA:524,73,0,0
BRDA:524,73,1,0
BRDA:537,74,0,0
BRDA:537,74,1,0
BRF:120
BRH:19
end_of_record
TN:
SF:src\controllers\uploadController.ts
FN:15,(anonymous_8)
FN:19,(anonymous_9)
FN:29,(anonymous_10)
FN:59,(anonymous_11)
FN:59,(anonymous_12)
FN:64,(anonymous_13)
FNF:6
FNH:3
FNDA:0,(anonymous_8)
FNDA:0,(anonymous_9)
FNDA:0,(anonymous_10)
FNDA:2,(anonymous_11)
FNDA:2,(anonymous_12)
FNDA:2,(anonymous_13)
DA:2,2
DA:3,2
DA:4,2
DA:7,2
DA:8,2
DA:9,2
DA:10,2
DA:14,2
DA:16,0
DA:17,0
DA:20,0
DA:21,0
DA:22,0
DA:23,0
DA:24,0
DA:29,2
DA:30,0
DA:33,0
DA:37,0
DA:39,0
DA:40,0
DA:41,0
DA:43,0
DA:44,0
DA:48,2
DA:59,2
DA:60,2
DA:61,2
DA:62,2
DA:64,2
DA:65,2
DA:66,0
DA:67,0
DA:71,2
DA:72,0
DA:73,0
DA:79,2
DA:80,1
DA:81,1
DA:84,1
DA:87,1
DA:88,1
DA:89,1
DA:91,1
LF:44
LH:25
BRDA:8,0,0,2
BRDA:39,1,0,0
BRDA:39,1,1,0
BRDA:39,2,0,0
BRDA:39,2,1,0
BRDA:65,3,0,0
BRDA:65,3,1,2
BRDA:71,4,0,0
BRDA:79,5,0,1
BRF:9
BRH:3
end_of_record
TN:
SF:src\controllers\userController.ts
FN:8,(anonymous_8)
FN:8,(anonymous_9)
FN:24,(anonymous_10)
FN:24,(anonymous_11)
FNF:4
FNH:4
FNDA:3,(anonymous_8)
FNDA:3,(anonymous_9)
FNDA:4,(anonymous_10)
FNDA:4,(anonymous_11)
DA:2,1
DA:8,3
DA:9,3
DA:10,3
DA:11,2
DA:12,1
DA:14,1
DA:16,1
DA:17,1
DA:24,4
DA:25,4
DA:26,4
DA:28,3
DA:29,1
DA:32,2
DA:34,2
DA:35,0
DA:39,2
DA:40,1
DA:43,1
DA:49,1
DA:51,1
DA:52,1
LF:23
LH:22
BRDA:11,0,0,1
BRDA:28,1,0,1
BRDA:32,2,0,2
BRDA:32,2,1,0
BRDA:32,3,0,0
BRDA:32,3,1,2
BRDA:32,4,0,2
BRDA:32,4,1,2
BRDA:32,5,0,0
BRDA:32,5,1,0
BRDA:32,6,0,0
BRDA:32,6,1,0
BRDA:34,7,0,0
BRDA:39,8,0,1
BRF:14
BRH:7
end_of_record
TN:
SF:src\middleware\auth.ts
FN:23,(anonymous_8)
FN:23,(anonymous_9)
FN:46,(anonymous_10)
FN:50,(anonymous_11)
FNF:4
FNH:2
FNDA:4,(anonymous_8)
FNDA:4,(anonymous_9)
FNDA:0,(anonymous_10)
FNDA:0,(anonymous_11)
DA:2,1
DA:3,1
DA:23,4
DA:24,4
DA:25,4
DA:27,4
DA:28,1
DA:31,3
DA:34,1
DA:39,1
DA:41,2
DA:42,2
DA:46,1
DA:47,0
DA:50,1
DA:51,0
LF:16
LH:14
BRDA:25,0,0,1
BRDA:25,0,1,3
BRDA:25,1,0,4
BRDA:25,1,1,4
BRDA:27,2,0,1
BRF:5
BRH:5
end_of_record
TN:
SF:src\models\Comment.ts
FNF:0
FNH:0
DA:1,0
DA:3,0
DA:22,0
DA:24,0
LF:4
LH:0
BRF:0
BRH:0
end_of_record
TN:
SF:src\models\Post.ts
FNF:0
FNH:0
DA:1,0
DA:24,0
DA:80,0
DA:86,0
LF:4
LH:0
BRF:0
BRH:0
end_of_record
TN:
SF:src\models\User.ts
FN:41,(anonymous_17)
FN:50,(anonymous_19)
FNF:2
FNH:0
FNDA:0,(anonymous_17)
FNDA:0,(anonymous_19)
DA:1,1
DA:2,1
DA:14,1
DA:41,1
DA:42,0
DA:43,0
DA:46,0
DA:47,0
DA:50,1
DA:51,0
DA:54,1
LF:11
LH:6
BRDA:42,0,0,0
BRF:1
BRH:0
end_of_record
TN:
SF:src\routes\authRoutes.ts
FNF:0
FNH:0
DA:1,0
DA:2,0
DA:3,0
DA:5,0
DA:50,0
DA:95,0
DA:113,0
DA:115,0
LF:8
LH:0
BRF:0
BRH:0
end_of_record
TN:
SF:src\routes\commentRoutes.ts
FNF:0
FNH:0
DA:1,0
DA:2,0
DA:3,0
DA:5,0
DA:35,0
DA:74,0
DA:103,0
DA:105,0
LF:8
LH:0
BRF:0
BRH:0
end_of_record
TN:
SF:src\routes\postRoutes.ts
FNF:0
FNH:0
DA:1,0
DA:2,0
DA:3,0
DA:17,0
DA:60,0
DA:85,0
DA:88,0
DA:89,0
DA:90,0
DA:91,0
DA:114,0
DA:155,0
DA:184,0
DA:211,0
DA:238,0
DA:240,0
LF:16
LH:0
BRF:0
BRH:0
end_of_record
TN:
SF:src\routes\uploadRoutes.ts
FNF:0
FNH:0
DA:1,0
DA:2,0
DA:3,0
DA:5,0
DA:53,0
DA:55,0
LF:6
LH:0
BRF:0
BRH:0
end_of_record
TN:
SF:src\routes\userRoutes.ts
FNF:0
FNH:0
DA:1,0
DA:2,0
DA:3,0
DA:5,0
DA:35,0
DA:76,0
DA:78,0
LF:7
LH:0
BRF:0
BRH:0
end_of_record
TN:
SF:src\types\express\index.d.ts
FNF:0
FNH:0
LF:0
LH:0
BRF:0
BRH:0
end_of_record
